info: ::1 - - [18/Jan/2025:06:03:41 +0000] "POST /api/v1/users/login HTTP/1.1" 200 81 "-" "PostmanRuntime/7.43.0"

info: ::1 - - [18/Jan/2025:06:03:48 +0000] "POST /api/v1/users/login HTTP/1.1" 200 492 "-" "PostmanRuntime/7.43.0"

info: ::1 - - [18/Jan/2025:06:05:18 +0000] "GET /api/v1/books/ HTTP/1.1" 200 7197 "-" "PostmanRuntime/7.43.0"

info: ::1 - - [18/Jan/2025:06:07:45 +0000] "POST /api/v1/cart/4/add_To_Cart HTTP/1.1" 400 47 "-" "PostmanRuntime/7.43.0"

info: ::1 - - [18/Jan/2025:06:09:14 +0000] "POST /api/v1/cart/4/add_To_Cart HTTP/1.1" 201 204 "-" "PostmanRuntime/7.43.0"

info: ::1 - - [18/Jan/2025:06:09:26 +0000] "POST /api/v1/cart/4/add_To_Cart HTTP/1.1" 201 207 "-" "PostmanRuntime/7.43.0"

info: ::1 - - [18/Jan/2025:06:10:30 +0000] "GET /api/v1/cart/get-cart-items HTTP/1.1" 200 230 "-" "PostmanRuntime/7.43.0"

info: ::1 - - [18/Jan/2025:06:11:05 +0000] "GET /api/v1/cart/get-cart-items HTTP/1.1" 200 229 "-" "PostmanRuntime/7.43.0"

info: ::1 - - [18/Jan/2025:06:34:33 +0000] "PUT /api/v1/cart/1/cart_item_quantity HTTP/1.1" 500 69 "-" "PostmanRuntime/7.43.0"

info: ::1 - - [18/Jan/2025:06:38:24 +0000] "PUT /api/v1/cart/1/cart_item_quantity HTTP/1.1" 500 69 "-" "PostmanRuntime/7.43.0"

info: ::1 - - [18/Jan/2025:06:38:59 +0000] "PUT /api/v1/cart/1/cart_item_quantity HTTP/1.1" 500 93 "-" "PostmanRuntime/7.43.0"

info: ::1 - - [18/Jan/2025:06:40:25 +0000] "PUT /api/v1/cart/1/cart_item_quantity HTTP/1.1" 500 69 "-" "PostmanRuntime/7.43.0"

info: ::1 - - [18/Jan/2025:06:41:05 +0000] "PUT /api/v1/cart/1/cart_item_quantity HTTP/1.1" 200 273 "-" "PostmanRuntime/7.43.0"

info: ::1 - - [18/Jan/2025:06:42:12 +0000] "POST /api/v1/cart/5/add_To_Cart HTTP/1.1" 201 204 "-" "PostmanRuntime/7.43.0"

info: ::1 - - [18/Jan/2025:06:42:23 +0000] "POST /api/v1/cart/5/add_To_Cart HTTP/1.1" 201 207 "-" "PostmanRuntime/7.43.0"

info: ::1 - - [18/Jan/2025:06:42:35 +0000] "GET /api/v1/cart/get-cart-items HTTP/1.1" 200 386 "-" "PostmanRuntime/7.43.0"

info: ::1 - - [18/Jan/2025:06:42:59 +0000] "POST /api/v1/cart/2/add_To_Cart HTTP/1.1" 201 204 "-" "PostmanRuntime/7.43.0"

info: ::1 - - [18/Jan/2025:06:43:05 +0000] "GET /api/v1/cart/get-cart-items HTTP/1.1" 200 543 "-" "PostmanRuntime/7.43.0"

info: ::1 - - [18/Jan/2025:06:45:10 +0000] "DELETE /api/v1/cart/4/remove_cart_item HTTP/1.1" 400 33 "-" "PostmanRuntime/7.43.0"

info: ::1 - - [18/Jan/2025:06:45:33 +0000] "DELETE /api/v1/cart/2/remove_cart_item HTTP/1.1" 400 33 "-" "PostmanRuntime/7.43.0"

info: ::1 - - [18/Jan/2025:06:45:51 +0000] "DELETE /api/v1/cart/2/remove_cart_item HTTP/1.1" 400 33 "-" "PostmanRuntime/7.43.0"

info: ::1 - - [18/Jan/2025:06:46:42 +0000] "DELETE /api/v1/cart/2/remove_cart_item HTTP/1.1" 500 56 "-" "PostmanRuntime/7.43.0"

info: ::1 - - [18/Jan/2025:06:46:55 +0000] "DELETE /api/v1/cart/2/remove_cart_item HTTP/1.1" 500 56 "-" "PostmanRuntime/7.43.0"

info: ::1 - - [18/Jan/2025:06:47:08 +0000] "DELETE /api/v1/cart/2/remove_cart_item HTTP/1.1" 500 93 "-" "PostmanRuntime/7.43.0"

info: ::1 - - [18/Jan/2025:06:47:46 +0000] "DELETE /api/v1/cart/2/remove_cart_item HTTP/1.1" 500 93 "-" "PostmanRuntime/7.43.0"

info: ::1 - - [18/Jan/2025:06:48:49 +0000] "DELETE /api/v1/cart/1/remove_cart_item HTTP/1.1" 500 93 "-" "PostmanRuntime/7.43.0"

info: ::1 - - [18/Jan/2025:06:51:32 +0000] "DELETE /api/v1/cart/1/remove_cart_item HTTP/1.1" 400 33 "-" "PostmanRuntime/7.43.0"

info: ::1 - - [18/Jan/2025:06:51:43 +0000] "DELETE /api/v1/cart/2/remove_cart_item HTTP/1.1" 400 33 "-" "PostmanRuntime/7.43.0"

info: ::1 - - [18/Jan/2025:06:52:15 +0000] "DELETE /api/v1/cart/2/remove_cart_item HTTP/1.1" 200 44 "-" "PostmanRuntime/7.43.0"

info: ::1 - - [18/Jan/2025:06:52:27 +0000] "GET /api/v1/cart/get-cart-items HTTP/1.1" 200 386 "-" "PostmanRuntime/7.43.0"

info: ::1 - - [18/Jan/2025:06:55:02 +0000] "DELETE /api/v1/cart/2/remove_cart_item HTTP/1.1" 500 77 "-" "PostmanRuntime/7.43.0"

