info: ::1 - - [16/Jan/2025:08:24:28 +0000] "GET /api/v1/books/ HTTP/1.1" 200 6592 "-" "PostmanRuntime/7.43.0"

info: ::1 - - [16/Jan/2025:10:28:53 +0000] "GET /api/v1/books/ HTTP/1.1" 200 6592 "-" "PostmanRuntime/7.43.0"

info: ::1 - - [16/Jan/2025:10:30:18 +0000] "POST /api/v1/users/ HTTP/1.1" 500 59 "-" "PostmanRuntime/7.43.0"

info: ::1 - - [16/Jan/2025:10:30:33 +0000] "POST /api/v1/users/ HTTP/1.1" 500 59 "-" "PostmanRuntime/7.43.0"

info: ::1 - - [16/Jan/2025:10:31:54 +0000] "POST /api/v1/users/ HTTP/1.1" 500 59 "-" "PostmanRuntime/7.43.0"

info: ::1 - - [16/Jan/2025:10:32:19 +0000] "POST /api/v1/users/ HTTP/1.1" 500 59 "-" "PostmanRuntime/7.43.0"

info: ::1 - - [16/Jan/2025:10:32:47 +0000] "POST /api/v1/users/ HTTP/1.1" 500 59 "-" "PostmanRuntime/7.43.0"

info: ::1 - - [16/Jan/2025:10:33:08 +0000] "POST /api/v1/users/ HTTP/1.1" 500 59 "-" "PostmanRuntime/7.43.0"

info: ::1 - - [16/Jan/2025:10:33:19 +0000] "POST /api/v1/users/ HTTP/1.1" 500 59 "-" "PostmanRuntime/7.43.0"

info: ::1 - - [16/Jan/2025:10:34:45 +0000] "POST /api/v1/users/ HTTP/1.1" 500 59 "-" "PostmanRuntime/7.43.0"

info: ::1 - - [16/Jan/2025:10:36:48 +0000] "POST /api/v1/users/ HTTP/1.1" 500 59 "-" "PostmanRuntime/7.43.0"

info: ::1 - - [16/Jan/2025:10:37:17 +0000] "POST /api/v1/users/ HTTP/1.1" 500 59 "-" "PostmanRuntime/7.43.0"

info: ::1 - - [16/Jan/2025:10:39:09 +0000] "POST /api/v1/users/ HTTP/1.1" 400 137 "-" "PostmanRuntime/7.43.0"

info: ::1 - - [16/Jan/2025:10:39:56 +0000] "POST /api/v1/users/ HTTP/1.1" 400 137 "-" "PostmanRuntime/7.43.0"

info: ::1 - - [16/Jan/2025:10:40:38 +0000] "POST /api/v1/users/ HTTP/1.1" 201 49 "-" "PostmanRuntime/7.43.0"

info: ::1 - - [16/Jan/2025:10:42:23 +0000] "POST /api/v1/users/login HTTP/1.1" 200 508 "-" "PostmanRuntime/7.43.0"

info: ::1 - - [16/Jan/2025:10:47:26 +0000] "POST /api/v1/books/ HTTP/1.1" 400 56 "-" "PostmanRuntime/7.43.0"

info: ::1 - - [16/Jan/2025:10:48:27 +0000] "POST /api/v1/books/ HTTP/1.1" 500 46 "-" "PostmanRuntime/7.43.0"

info: ::1 - - [16/Jan/2025:10:49:26 +0000] "POST /api/v1/books/ HTTP/1.1" 500 46 "-" "PostmanRuntime/7.43.0"

info: ::1 - - [16/Jan/2025:10:50:07 +0000] "POST /api/v1/books/ HTTP/1.1" 500 46 "-" "PostmanRuntime/7.43.0"

info: ::1 - - [16/Jan/2025:10:51:35 +0000] "POST /api/v1/books/ HTTP/1.1" 500 46 "-" "PostmanRuntime/7.43.0"

info: ::1 - - [16/Jan/2025:10:52:03 +0000] "POST /api/v1/books/ HTTP/1.1" 500 52 "-" "PostmanRuntime/7.43.0"

info: ::1 - - [16/Jan/2025:10:52:34 +0000] "POST /api/v1/books/ HTTP/1.1" 500 48 "-" "PostmanRuntime/7.43.0"

info: ::1 - - [16/Jan/2025:10:53:06 +0000] "POST /api/v1/books/ HTTP/1.1" 500 46 "-" "PostmanRuntime/7.43.0"

info: ::1 - - [16/Jan/2025:10:56:51 +0000] "POST /api/v1/books/ HTTP/1.1" 500 46 "-" "PostmanRuntime/7.43.0"

info: ::1 - - [16/Jan/2025:10:57:56 +0000] "POST /api/v1/books/ HTTP/1.1" 500 46 "-" "PostmanRuntime/7.43.0"

info: ::1 - - [16/Jan/2025:11:02:12 +0000] "POST /api/v1/books/ HTTP/1.1" 500 46 "-" "PostmanRuntime/7.43.0"

info: ::1 - - [16/Jan/2025:11:07:24 +0000] "POST /api/v1/books/ HTTP/1.1" 500 46 "-" "PostmanRuntime/7.43.0"

info: ::1 - - [16/Jan/2025:11:08:43 +0000] "GET /api/v1/books/ HTTP/1.1" 200 6592 "-" "PostmanRuntime/7.43.0"

info: ::1 - - [16/Jan/2025:11:12:15 +0000] "POST /api/v1/books/ HTTP/1.1" 500 46 "-" "PostmanRuntime/7.43.0"

info: ::1 - - [16/Jan/2025:11:13:20 +0000] "POST /api/v1/books/ HTTP/1.1" 500 46 "-" "PostmanRuntime/7.43.0"

info: ::1 - - [16/Jan/2025:11:16:07 +0000] "POST /api/v1/books/ HTTP/1.1" 500 46 "-" "PostmanRuntime/7.43.0"

info: ::1 - - [16/Jan/2025:11:17:31 +0000] "POST /api/v1/books/ HTTP/1.1" 500 46 "-" "PostmanRuntime/7.43.0"

info: ::1 - - [16/Jan/2025:11:18:25 +0000] "POST /api/v1/books/ HTTP/1.1" 500 46 "-" "PostmanRuntime/7.43.0"

info: ::1 - - [16/Jan/2025:11:20:11 +0000] "POST /api/v1/books/ HTTP/1.1" 500 46 "-" "PostmanRuntime/7.43.0"

info: ::1 - - [16/Jan/2025:11:22:46 +0000] "PUT /api/v1/books/20/updatePrice HTTP/1.1" 200 43 "-" "PostmanRuntime/7.43.0"

info: ::1 - - [16/Jan/2025:12:32:34 +0000] "POST /api/v1/books/ HTTP/1.1" 500 46 "-" "PostmanRuntime/7.43.0"

info: ::1 - - [16/Jan/2025:12:33:36 +0000] "POST /api/v1/books/ HTTP/1.1" 500 46 "-" "PostmanRuntime/7.43.0"

info: ::1 - - [16/Jan/2025:12:36:24 +0000] "POST /api/v1/books/ HTTP/1.1" 500 46 "-" "PostmanRuntime/7.43.0"

info: ::1 - - [16/Jan/2025:12:38:58 +0000] "POST /api/v1/books/ HTTP/1.1" 500 46 "-" "PostmanRuntime/7.43.0"

info: ::1 - - [16/Jan/2025:12:39:29 +0000] "POST /api/v1/books/ HTTP/1.1" 500 46 "-" "PostmanRuntime/7.43.0"

info: ::1 - - [16/Jan/2025:12:40:15 +0000] "POST /api/v1/books/ HTTP/1.1" 201 299 "-" "PostmanRuntime/7.43.0"

info: ::1 - - [16/Jan/2025:12:42:15 +0000] "PUT /api/v1/books/20/updatePrice HTTP/1.1" 200 43 "-" "PostmanRuntime/7.43.0"

info: ::1 - - [16/Jan/2025:12:44:02 +0000] "PUT /api/v1/books/20/updatePrice HTTP/1.1" 500 46 "-" "PostmanRuntime/7.43.0"

info: ::1 - - [16/Jan/2025:12:44:11 +0000] "POST /api/v1/users/login HTTP/1.1" 200 508 "-" "PostmanRuntime/7.43.0"

info: ::1 - - [16/Jan/2025:12:44:15 +0000] "POST /api/v1/users/login HTTP/1.1" 200 508 "-" "PostmanRuntime/7.43.0"

info: ::1 - - [16/Jan/2025:12:44:39 +0000] "PUT /api/v1/books/20/updatePrice HTTP/1.1" 200 43 "-" "PostmanRuntime/7.43.0"

info: ::1 - - [16/Jan/2025:12:45:17 +0000] "PUT /api/v1/books/20/updatePrice HTTP/1.1" 200 43 "-" "PostmanRuntime/7.43.0"

info: ::1 - - [16/Jan/2025:12:46:05 +0000] "PUT /api/v1/books/20/updatePrice HTTP/1.1" 200 43 "-" "PostmanRuntime/7.43.0"

info: ::1 - - [16/Jan/2025:12:46:37 +0000] "PUT /api/v1/books/20/updatePrice HTTP/1.1" 200 43 "-" "PostmanRuntime/7.43.0"

info: ::1 - - [16/Jan/2025:12:47:59 +0000] "PUT /api/v1/books/20/updatePrice HTTP/1.1" 200 43 "-" "PostmanRuntime/7.43.0"

info: ::1 - - [16/Jan/2025:12:48:48 +0000] "PUT /api/v1/books/20/updatePrice HTTP/1.1" 200 43 "-" "PostmanRuntime/7.43.0"

info: ::1 - - [16/Jan/2025:12:49:57 +0000] "PUT /api/v1/books/20/updatePrice HTTP/1.1" 200 43 "-" "PostmanRuntime/7.43.0"

info: ::1 - - [16/Jan/2025:12:51:49 +0000] "PUT /api/v1/books/20/updatePrice HTTP/1.1" 200 43 "-" "PostmanRuntime/7.43.0"

info: ::1 - - [16/Jan/2025:12:57:01 +0000] "POST /api/v1/users/login HTTP/1.1" 200 508 "-" "PostmanRuntime/7.43.0"

info: ::1 - - [16/Jan/2025:13:01:25 +0000] "PUT /api/v1/books/20/updatePrice HTTP/1.1" 200 43 "-" "PostmanRuntime/7.43.0"

info: ::1 - - [16/Jan/2025:13:03:07 +0000] "POST /api/v1/books/ HTTP/1.1" 500 46 "-" "PostmanRuntime/7.43.0"

info: ::1 - - [16/Jan/2025:13:03:16 +0000] "POST /api/v1/books/ HTTP/1.1" 201 240 "-" "PostmanRuntime/7.43.0"

info: ::1 - - [16/Jan/2025:13:04:10 +0000] "POST /api/v1/users/ HTTP/1.1" 201 49 "-" "PostmanRuntime/7.43.0"

info: ::1 - - [16/Jan/2025:13:04:32 +0000] "POST /api/v1/users/login HTTP/1.1" 200 492 "-" "PostmanRuntime/7.43.0"

info: ::1 - - [16/Jan/2025:13:06:04 +0000] "POST /api/v1/books/ HTTP/1.1" 403 44 "-" "PostmanRuntime/7.43.0"

info: ::1 - - [16/Jan/2025:13:06:29 +0000] "POST /api/v1/users/login HTTP/1.1" 200 508 "-" "PostmanRuntime/7.43.0"

info: ::1 - - [16/Jan/2025:13:07:09 +0000] "PUT /api/v1/books/20/updatePrice HTTP/1.1" 200 43 "-" "PostmanRuntime/7.43.0"

info: ::1 - - [16/Jan/2025:13:08:44 +0000] "PUT /api/v1/books/20/updatePrice HTTP/1.1" 200 43 "-" "PostmanRuntime/7.43.0"

info: ::1 - - [16/Jan/2025:13:12:11 +0000] "PUT /api/v1/books/20/updatePrice HTTP/1.1" 200 43 "-" "PostmanRuntime/7.43.0"

info: ::1 - - [16/Jan/2025:13:13:58 +0000] "PUT /api/v1/books/20/updatePrice HTTP/1.1" 200 43 "-" "PostmanRuntime/7.43.0"

info: ::1 - - [16/Jan/2025:13:14:48 +0000] "PUT /api/v1/books/20/updatePrice HTTP/1.1" 200 43 "-" "PostmanRuntime/7.43.0"

info: ::1 - - [16/Jan/2025:13:15:28 +0000] "PUT /api/v1/books/20/updatePrice HTTP/1.1" 200 43 "-" "PostmanRuntime/7.43.0"

info: ::1 - - [16/Jan/2025:13:16:21 +0000] "PUT /api/v1/books/20/updatePrice HTTP/1.1" 200 43 "-" "PostmanRuntime/7.43.0"

info: ::1 - - [16/Jan/2025:13:27:33 +0000] "PUT /api/v1/books/20/updatePrice HTTP/1.1" 200 43 "-" "PostmanRuntime/7.43.0"

info: ::1 - - [16/Jan/2025:13:29:14 +0000] "PUT /api/v1/books/20/updatePrice HTTP/1.1" 200 43 "-" "PostmanRuntime/7.43.0"

info: ::1 - - [16/Jan/2025:16:35:38 +0000] "POST /api/v1/users/login HTTP/1.1" 200 508 "-" "PostmanRuntime/7.43.0"

info: ::1 - - [16/Jan/2025:16:41:13 +0000] "PUT /api/v1/books/20/updatePrice HTTP/1.1" 200 43 "-" "PostmanRuntime/7.43.0"

info: ::1 - - [16/Jan/2025:16:43:13 +0000] "PUT /api/v1/books/20/updatePrice HTTP/1.1" 200 43 "-" "PostmanRuntime/7.43.0"

info: ::1 - - [16/Jan/2025:16:44:43 +0000] "PUT /api/v1/books/20/updatePrice HTTP/1.1" 200 43 "-" "PostmanRuntime/7.43.0"

info: ::1 - - [16/Jan/2025:16:47:35 +0000] "PUT /api/v1/books/20/updatePrice HTTP/1.1" 500 92 "-" "PostmanRuntime/7.43.0"

info: ::1 - - [16/Jan/2025:16:48:12 +0000] "PUT /api/v1/books/20/updatePrice HTTP/1.1" 500 92 "-" "PostmanRuntime/7.43.0"

info: ::1 - - [16/Jan/2025:16:49:45 +0000] "PUT /api/v1/books/20/updatePrice HTTP/1.1" 500 67 "-" "PostmanRuntime/7.43.0"

info: ::1 - - [16/Jan/2025:16:50:09 +0000] "PUT /api/v1/books/20/updatePrice HTTP/1.1" 500 111 "-" "PostmanRuntime/7.43.0"

info: ::1 - - [16/Jan/2025:16:50:34 +0000] "PUT /api/v1/books/20/updatePrice HTTP/1.1" 500 67 "-" "PostmanRuntime/7.43.0"

info: ::1 - - [16/Jan/2025:16:50:55 +0000] "PUT /api/v1/books/20/updatePrice HTTP/1.1" 500 67 "-" "PostmanRuntime/7.43.0"

info: ::1 - - [16/Jan/2025:16:51:05 +0000] "PUT /api/v1/books/20/updatePrice HTTP/1.1" 500 92 "-" "PostmanRuntime/7.43.0"

info: ::1 - - [16/Jan/2025:16:52:33 +0000] "PUT /api/v1/books/20/updatePrice HTTP/1.1" 500 92 "-" "PostmanRuntime/7.43.0"

info: ::1 - - [16/Jan/2025:16:53:24 +0000] "PUT /api/v1/books/20/updatePrice HTTP/1.1" 500 92 "-" "PostmanRuntime/7.43.0"

info: ::1 - - [16/Jan/2025:16:56:51 +0000] "PUT /api/v1/books/20/updatePrice HTTP/1.1" 500 92 "-" "PostmanRuntime/7.43.0"

info: ::1 - - [16/Jan/2025:16:57:32 +0000] "PUT /api/v1/books/20/updatePrice HTTP/1.1" 500 92 "-" "PostmanRuntime/7.43.0"

info: ::1 - - [16/Jan/2025:16:59:21 +0000] "PUT /api/v1/books/20/updatePrice HTTP/1.1" 500 92 "-" "PostmanRuntime/7.43.0"

info: ::1 - - [16/Jan/2025:16:59:46 +0000] "PUT /api/v1/books/20/updatePrice HTTP/1.1" 500 92 "-" "PostmanRuntime/7.43.0"

info: ::1 - - [16/Jan/2025:17:00:17 +0000] "PUT /api/v1/books/20/updatePrice HTTP/1.1" 200 43 "-" "PostmanRuntime/7.43.0"

info: ::1 - - [16/Jan/2025:17:00:59 +0000] "PUT /api/v1/books/20/updatePrice HTTP/1.1" 200 43 "-" "PostmanRuntime/7.43.0"

info: ::1 - - [16/Jan/2025:17:01:51 +0000] "PUT /api/v1/books/20/updatePrice HTTP/1.1" 200 43 "-" "PostmanRuntime/7.43.0"

info: ::1 - - [16/Jan/2025:17:07:58 +0000] "PUT /api/v1/books/20/updatePrice HTTP/1.1" 500 92 "-" "PostmanRuntime/7.43.0"

info: ::1 - - [16/Jan/2025:17:09:00 +0000] "PUT /api/v1/books/20/updatePrice HTTP/1.1" 500 92 "-" "PostmanRuntime/7.43.0"

info: ::1 - - [16/Jan/2025:17:09:28 +0000] "PUT /api/v1/books/20/updatePrice HTTP/1.1" 500 92 "-" "PostmanRuntime/7.43.0"

info: ::1 - - [16/Jan/2025:17:10:30 +0000] "PUT /api/v1/books/20/updatePrice HTTP/1.1" 500 92 "-" "PostmanRuntime/7.43.0"

info: ::1 - - [16/Jan/2025:17:14:46 +0000] "PUT /api/v1/books/20/updatePrice HTTP/1.1" 200 43 "-" "PostmanRuntime/7.43.0"

info: ::1 - - [16/Jan/2025:17:54:21 +0000] "GET /api/v1/users/refreshtoken HTTP/1.1" 404 47 "-" "PostmanRuntime/7.43.0"

info: ::1 - - [16/Jan/2025:17:55:06 +0000] "POST /api/v1/users/refreshtoken HTTP/1.1" 404 35 "-" "PostmanRuntime/7.43.0"

info: ::1 - - [16/Jan/2025:18:02:10 +0000] "POST /api/v1/users/login HTTP/1.1" 200 508 "-" "PostmanRuntime/7.43.0"

info: ::1 - - [16/Jan/2025:18:02:24 +0000] "POST /api/v1/users/refreshtoken HTTP/1.1" 200 211 "-" "PostmanRuntime/7.43.0"

info: ::1 - - [16/Jan/2025:18:06:02 +0000] "POST /api/v1/users/forgotpassword HTTP/1.1" 500 56 "-" "PostmanRuntime/7.43.0"

info: ::1 - - [16/Jan/2025:18:08:27 +0000] "POST /api/v1/users/forgotpassword HTTP/1.1" 500 56 "-" "PostmanRuntime/7.43.0"

info: ::1 - - [16/Jan/2025:18:08:34 +0000] "POST /api/v1/users/forgotpassword HTTP/1.1" 500 56 "-" "PostmanRuntime/7.43.0"

info: ::1 - - [16/Jan/2025:18:11:37 +0000] "POST /api/v1/users/forgotpassword HTTP/1.1" 500 56 "-" "PostmanRuntime/7.43.0"

info: ::1 - - [16/Jan/2025:18:12:22 +0000] "POST /api/v1/users/ HTTP/1.1" 201 49 "-" "PostmanRuntime/7.43.0"

info: ::1 - - [16/Jan/2025:18:12:51 +0000] "POST /api/v1/users/login HTTP/1.1" 200 516 "-" "PostmanRuntime/7.43.0"

info: ::1 - - [16/Jan/2025:18:13:18 +0000] "POST /api/v1/users/forgotpassword HTTP/1.1" 500 56 "-" "PostmanRuntime/7.43.0"

info: ::1 - - [16/Jan/2025:18:19:17 +0000] "POST /api/v1/users/forgotpassword HTTP/1.1" 500 56 "-" "PostmanRuntime/7.43.0"

info: ::1 - - [16/Jan/2025:18:20:20 +0000] "POST /api/v1/users/forgotpassword HTTP/1.1" 500 56 "-" "PostmanRuntime/7.43.0"

info: ::1 - - [16/Jan/2025:18:23:35 +0000] "POST /api/v1/users/forgotpassword HTTP/1.1" 500 56 "-" "PostmanRuntime/7.43.0"

info: ::1 - - [16/Jan/2025:18:29:28 +0000] "POST /api/v1/users/forgotpassword HTTP/1.1" 500 56 "-" "PostmanRuntime/7.43.0"

