info: ::1 - - [20/Jan/2025:18:49:28 +0000] "POST /api/v1/users/login HTTP/1.1" 200 492 "-" "PostmanRuntime/7.43.0"

info: ::1 - - [20/Jan/2025:18:49:47 +0000] "GET /api/v1/books/ HTTP/1.1" 200 7364 "-" "PostmanRuntime/7.43.0"

info: ::1 - - [20/Jan/2025:18:49:55 +0000] "GET /api/v1/books/ HTTP/1.1" 200 7364 "-" "PostmanRuntime/7.43.0"

info: ::1 - - [20/Jan/2025:18:50:09 +0000] "GET /api/v1/books/ HTTP/1.1" 200 7364 "-" "PostmanRuntime/7.43.0"

info: ::1 - - [20/Jan/2025:18:50:57 +0000] "GET /api/v1/books/ HTTP/1.1" 200 36376 "-" "PostmanRuntime/7.43.0"

info: ::1 - - [20/Jan/2025:18:51:14 +0000] "GET /api/v1/books/ HTTP/1.1" 200 36376 "-" "PostmanRuntime/7.43.0"

info: ::1 - - [20/Jan/2025:18:52:53 +0000] "GET /api/v1/books/ HTTP/1.1" 200 36376 "-" "PostmanRuntime/7.43.0"

info: ::1 - - [20/Jan/2025:19:03:24 +0000] "GET /api/v1/books/ HTTP/1.1" 200 7364 "-" "PostmanRuntime/7.43.0"

info: ::1 - - [20/Jan/2025:19:03:40 +0000] "GET /api/v1/books/ HTTP/1.1" 200 7320 "-" "PostmanRuntime/7.43.0"

info: ::1 - - [20/Jan/2025:19:04:11 +0000] "GET /api/v1/books/20 HTTP/1.1" 200 266 "-" "PostmanRuntime/7.43.0"

info: ::1 - - [20/Jan/2025:19:05:27 +0000] "POST /api/v1/cart/24/add_To_Cart HTTP/1.1" 201 219 "-" "PostmanRuntime/7.43.0"

info: ::1 - - [20/Jan/2025:19:06:18 +0000] "GET /api/v1/cart/get-cart-items HTTP/1.1" 200 876 "-" "PostmanRuntime/7.43.0"

info: ::1 - - [20/Jan/2025:19:07:33 +0000] "PUT /api/v1/cart/3/cart_item_quantity HTTP/1.1" 500 96 "-" "PostmanRuntime/7.43.0"

info: ::1 - - [20/Jan/2025:19:07:45 +0000] "PUT /api/v1/cart/3/cart_item_quantity HTTP/1.1" 200 114 "-" "PostmanRuntime/7.43.0"

info: ::1 - - [20/Jan/2025:19:08:04 +0000] "GET /api/v1/cart/get-cart-items HTTP/1.1" 200 875 "-" "PostmanRuntime/7.43.0"

info: ::1 - - [20/Jan/2025:19:10:22 +0000] "GET /api/v1/wishlist/getAll HTTP/1.1" 403 43 "-" "PostmanRuntime/7.43.0"

info: ::1 - - [20/Jan/2025:19:12:53 +0000] "GET /api/v1/wishlist/getAll HTTP/1.1" 403 43 "-" "PostmanRuntime/7.43.0"

info: ::1 - - [20/Jan/2025:19:13:35 +0000] "GET /api/v1/wishlist/getAll HTTP/1.1" 403 44 "-" "PostmanRuntime/7.43.0"

info: ::1 - - [20/Jan/2025:19:13:55 +0000] "GET /api/v1/wishlist/getAll HTTP/1.1" 403 44 "-" "PostmanRuntime/7.43.0"

info: ::1 - - [20/Jan/2025:19:14:07 +0000] "GET /api/v1/wishlist/getAll HTTP/1.1" 404 89 "-" "PostmanRuntime/7.43.0"

info: ::1 - - [20/Jan/2025:19:16:54 +0000] "POST /api/v1/wishlist/24/addBook HTTP/1.1" 400 84 "-" "PostmanRuntime/7.43.0"

info: ::1 - - [20/Jan/2025:19:17:18 +0000] "POST /api/v1/wishlist/24/addBook HTTP/1.1" 400 84 "-" "PostmanRuntime/7.43.0"

info: ::1 - - [20/Jan/2025:19:20:59 +0000] "POST /api/v1/wishlist/24/addBook HTTP/1.1" 404 47 "-" "PostmanRuntime/7.43.0"

info: ::1 - - [20/Jan/2025:19:21:05 +0000] "POST /api/v1/wishlist/addBook HTTP/1.1" 500 22 "-" "PostmanRuntime/7.43.0"

info: ::1 - - [20/Jan/2025:19:22:58 +0000] "POST /api/v1/wishlist/addBook HTTP/1.1" 500 22 "-" "PostmanRuntime/7.43.0"

info: ::1 - - [20/Jan/2025:19:24:07 +0000] "POST /api/v1/wishlist/addBook HTTP/1.1" 500 22 "-" "PostmanRuntime/7.43.0"

info: ::1 - - [20/Jan/2025:19:25:46 +0000] "POST /api/v1/wishlist/addBook HTTP/1.1" 500 22 "-" "PostmanRuntime/7.43.0"

info: ::1 - - [20/Jan/2025:19:25:50 +0000] "POST /api/v1/wishlist/addBook HTTP/1.1" 500 22 "-" "PostmanRuntime/7.43.0"

info: ::1 - - [20/Jan/2025:19:25:51 +0000] "POST /api/v1/wishlist/addBook HTTP/1.1" 500 22 "-" "PostmanRuntime/7.43.0"

info: ::1 - - [21/Jan/2025:05:00:09 +0000] "GET /api/v1/books/ HTTP/1.1" 200 7320 "-" "PostmanRuntime/7.43.0"

info: ::1 - - [21/Jan/2025:05:00:41 +0000] "POST /api/v1/wishlist/addBook HTTP/1.1" 500 22 "-" "PostmanRuntime/7.43.0"

info: ::1 - - [21/Jan/2025:05:01:17 +0000] "POST /api/v1/wishlist/addBook HTTP/1.1" 500 22 "-" "PostmanRuntime/7.43.0"

info: ::1 - - [21/Jan/2025:05:02:13 +0000] "POST /api/v1/wishlist/addBook HTTP/1.1" 500 22 "-" "PostmanRuntime/7.43.0"

info: ::1 - - [21/Jan/2025:05:03:01 +0000] "POST /api/v1/wishlist/addBook HTTP/1.1" 500 22 "-" "PostmanRuntime/7.43.0"

info: ::1 - - [21/Jan/2025:05:03:32 +0000] "POST /api/v1/wishlist/addBook HTTP/1.1" 500 22 "-" "PostmanRuntime/7.43.0"

info: ::1 - - [21/Jan/2025:05:05:05 +0000] "POST /api/v1/wishlist/26/addBook HTTP/1.1" 500 46 "-" "PostmanRuntime/7.43.0"

info: ::1 - - [21/Jan/2025:05:05:15 +0000] "POST /api/v1/users/login HTTP/1.1" 200 492 "-" "PostmanRuntime/7.43.0"

info: ::1 - - [21/Jan/2025:05:05:34 +0000] "POST /api/v1/wishlist/26/addBook HTTP/1.1" 200 64 "-" "PostmanRuntime/7.43.0"

info: ::1 - - [21/Jan/2025:05:06:44 +0000] "GET /api/v1/wishlist/getAll HTTP/1.1" 404 89 "-" "PostmanRuntime/7.43.0"

info: ::1 - - [21/Jan/2025:05:07:04 +0000] "GET /api/v1/wishlist/getAll HTTP/1.1" 404 89 "-" "PostmanRuntime/7.43.0"

info: ::1 - - [21/Jan/2025:05:09:20 +0000] "GET /api/v1/wishlist/getAll HTTP/1.1" 200 349 "-" "PostmanRuntime/7.43.0"

info: ::1 - - [21/Jan/2025:05:16:46 +0000] "GET /api/v1/wishlist/26/removeBook HTTP/1.1" 404 47 "-" "PostmanRuntime/7.43.0"

info: ::1 - - [21/Jan/2025:05:17:17 +0000] "DELETE /api/v1/wishlist/26/removeBook HTTP/1.1" 400 81 "-" "PostmanRuntime/7.43.0"

info: ::1 - - [21/Jan/2025:05:17:47 +0000] "DELETE /api/v1/wishlist/26/removeBook HTTP/1.1" 400 81 "-" "PostmanRuntime/7.43.0"

info: ::1 - - [21/Jan/2025:05:17:48 +0000] "DELETE /api/v1/wishlist/26/removeBook HTTP/1.1" 400 81 "-" "PostmanRuntime/7.43.0"

info: ::1 - - [21/Jan/2025:05:17:50 +0000] "DELETE /api/v1/wishlist/26/removeBook HTTP/1.1" 400 81 "-" "PostmanRuntime/7.43.0"

info: ::1 - - [21/Jan/2025:05:18:18 +0000] "DELETE /api/v1/wishlist/26/removeBook HTTP/1.1" 400 74 "-" "PostmanRuntime/7.43.0"

info: ::1 - - [21/Jan/2025:05:19:40 +0000] "DELETE /api/v1/wishlist/26/removeBook HTTP/1.1" 200 67 "-" "PostmanRuntime/7.43.0"

info: ::1 - - [21/Jan/2025:05:19:50 +0000] "GET /api/v1/wishlist/getAll HTTP/1.1" 404 69 "-" "PostmanRuntime/7.43.0"

info: ::1 - - [21/Jan/2025:05:20:08 +0000] "POST /api/v1/wishlist/26/addBook HTTP/1.1" 200 64 "-" "PostmanRuntime/7.43.0"

info: ::1 - - [21/Jan/2025:05:20:16 +0000] "POST /api/v1/wishlist/22/addBook HTTP/1.1" 200 64 "-" "PostmanRuntime/7.43.0"

info: ::1 - - [21/Jan/2025:05:20:25 +0000] "POST /api/v1/wishlist/3/addBook HTTP/1.1" 200 64 "-" "PostmanRuntime/7.43.0"

info: ::1 - - [21/Jan/2025:05:20:33 +0000] "GET /api/v1/wishlist/getAll HTTP/1.1" 200 744 "-" "PostmanRuntime/7.43.0"

