error: 
    status - 500 
    message - Error: No recipients defined
    at SMTPConnection._formatError (D:\backendWorkSpace\ebookstore\node_modules\nodemailer\lib\smtp-connection\index.js:807:19)
    at SMTPConnection._setEnvelope (D:\backendWorkSpace\ebookstore\node_modules\nodemailer\lib\smtp-connection\index.js:1045:34)
    at SMTPConnection.send (D:\backendWorkSpace\ebookstore\node_modules\nodemailer\lib\smtp-connection\index.js:629:14)
    at sendMessage (D:\backendWorkSpace\ebookstore\node_modules\nodemailer\lib\smtp-transport\index.js:228:28)
    at D:\backendWorkSpace\ebookstore\node_modules\nodemailer\lib\smtp-transport\index.js:286:25
    at SMTPConnection._actionAUTHComplete (D:\backendWorkSpace\ebookstore\node_modules\nodemailer\lib\smtp-connection\index.js:1600:9)
    at SMTPConnection.<anonymous> (D:\backendWorkSpace\ebookstore\node_modules\nodemailer\lib\smtp-connection\index.js:554:26)
    at SMTPConnection._processResponse (D:\backendWorkSpace\ebookstore\node_modules\nodemailer\lib\smtp-connection\index.js:991:20)
    at SMTPConnection._onData (D:\backendWorkSpace\ebookstore\node_modules\nodemailer\lib\smtp-connection\index.js:772:14)
    at TLSSocket.SMTPConnection._onSocketData (D:\backendWorkSpace\ebookstore\node_modules\nodemailer\lib\smtp-connection\index.js:195:44) 
    url - /api/v1/users/forgotpassword 
    method - POST 
    IP - ::1
   {"timestamp":"2025-01-16T18:30:41.248Z"}
info: Server started at http://localhost:3000/api/v1/ {"timestamp":"2025-01-16T18:32:06.676Z"}
info: Connected to database. {"timestamp":"2025-01-16T18:32:06.882Z"}
info: Server started at http://localhost:3000/api/v1/ {"timestamp":"2025-01-16T18:32:28.531Z"}
info: Connected to database. {"timestamp":"2025-01-16T18:32:28.732Z"}
error: 
    status - 500 
    message - Error: No recipients defined
    at SMTPConnection._formatError (D:\backendWorkSpace\ebookstore\node_modules\nodemailer\lib\smtp-connection\index.js:807:19)
    at SMTPConnection._setEnvelope (D:\backendWorkSpace\ebookstore\node_modules\nodemailer\lib\smtp-connection\index.js:1045:34)
    at SMTPConnection.send (D:\backendWorkSpace\ebookstore\node_modules\nodemailer\lib\smtp-connection\index.js:629:14)
    at sendMessage (D:\backendWorkSpace\ebookstore\node_modules\nodemailer\lib\smtp-transport\index.js:228:28)
    at D:\backendWorkSpace\ebookstore\node_modules\nodemailer\lib\smtp-transport\index.js:286:25
    at SMTPConnection._actionAUTHComplete (D:\backendWorkSpace\ebookstore\node_modules\nodemailer\lib\smtp-connection\index.js:1600:9)
    at SMTPConnection.<anonymous> (D:\backendWorkSpace\ebookstore\node_modules\nodemailer\lib\smtp-connection\index.js:554:26)
    at SMTPConnection._processResponse (D:\backendWorkSpace\ebookstore\node_modules\nodemailer\lib\smtp-connection\index.js:991:20)
    at SMTPConnection._onData (D:\backendWorkSpace\ebookstore\node_modules\nodemailer\lib\smtp-connection\index.js:772:14)
    at TLSSocket.SMTPConnection._onSocketData (D:\backendWorkSpace\ebookstore\node_modules\nodemailer\lib\smtp-connection\index.js:195:44) 
    url - /api/v1/users/forgotpassword 
    method - POST 
    IP - ::1
   {"timestamp":"2025-01-16T18:32:32.516Z"}
info: Server started at http://localhost:3000/api/v1/ {"timestamp":"2025-01-16T18:41:24.167Z"}
info: Connected to database. {"timestamp":"2025-01-16T18:41:24.811Z"}
info: Connected to database. {"timestamp":"2025-01-16T18:41:41.490Z"}
info: Server started at http://localhost:3000/api/v1/ {"timestamp":"2025-01-16T18:41:47.242Z"}
info: Connected to database. {"timestamp":"2025-01-16T18:41:47.436Z"}
info: Server started at http://localhost:3000/api/v1/ {"timestamp":"2025-01-16T18:41:51.508Z"}
info: Connected to database. {"timestamp":"2025-01-16T18:41:51.675Z"}
info: Server started at http://localhost:3000/api/v1/ {"timestamp":"2025-01-16T18:45:00.264Z"}
info: Connected to database. {"timestamp":"2025-01-16T18:45:00.460Z"}
info: Server started at http://localhost:3000/api/v1/ {"timestamp":"2025-01-16T18:45:03.954Z"}
info: Connected to database. {"timestamp":"2025-01-16T18:45:04.148Z"}
info: Connected to database. {"timestamp":"2025-01-16T18:45:09.343Z"}
info: Server started at http://localhost:3000/api/v1/ {"timestamp":"2025-01-16T18:45:13.702Z"}
info: Connected to database. {"timestamp":"2025-01-16T18:45:13.886Z"}
info: Connected to database. {"timestamp":"2025-01-16T18:45:16.947Z"}
info: Server started at http://localhost:3000/api/v1/ {"timestamp":"2025-01-16T18:45:21.144Z"}
info: Connected to database. {"timestamp":"2025-01-16T18:45:21.341Z"}
error: 
    status - 500 
    message - Error: User not found
    at UserService.<anonymous> (D:\backendWorkSpace\ebookstore\src\services\user.service.ts:101:13)
    at Generator.next (<anonymous>)
    at fulfilled (D:\backendWorkSpace\ebookstore\src\services\user.service.ts:28:58)
    at processTicksAndRejections (node:internal/process/task_queues:95:5) 
    url - /api/v1/users/forgotpassword 
    method - POST 
    IP - ::1
   {"timestamp":"2025-01-16T18:47:44.332Z"}
info: Server started at http://localhost:3000/api/v1/ {"timestamp":"2025-01-17T09:33:43.609Z"}
info: Connected to database. {"timestamp":"2025-01-17T09:33:43.835Z"}
error: 
      status - 500
      message - Failed to create Book 
      url - /api/v1/books/ 
      method - POST 
      IP - ::1
     {"timestamp":"2025-01-17T09:47:08.747Z"}
info: Server started at http://localhost:3000/api/v1/ {"timestamp":"2025-01-17T09:48:34.620Z"}
info: Connected to database. {"timestamp":"2025-01-17T09:48:35.746Z"}
error: 
      status - 500
      message - Failed to create Book 
      url - /api/v1/books/ 
      method - POST 
      IP - ::1
     {"timestamp":"2025-01-17T09:48:53.357Z"}
