info: Server started at http://localhost:3000/api/v1/ {"timestamp":"2025-01-18T05:59:49.161Z"}
info: Connected to database. {"timestamp":"2025-01-18T06:00:00.871Z"}
error: 
    status - 500 
    message - SyntaxError: Expected double-quoted property name in JSON at position 76
    at JSON.parse (<anonymous>)
    at parse (D:\backendWorkSpace\ebookstore\node_modules\body-parser\lib\types\json.js:92:19)
    at D:\backendWorkSpace\ebookstore\node_modules\body-parser\lib\read.js:128:18
    at AsyncResource.runInAsyncScope (node:async_hooks:206:9)
    at invokeCallback (D:\backendWorkSpace\ebookstore\node_modules\raw-body\index.js:238:16)
    at done (D:\backendWorkSpace\ebookstore\node_modules\raw-body\index.js:227:7)
    at IncomingMessage.onEnd (D:\backendWorkSpace\ebookstore\node_modules\raw-body\index.js:287:7)
    at IncomingMessage.emit (node:events:519:28)
    at endReadableNT (node:internal/streams/readable:1696:12)
    at processTicksAndRejections (node:internal/process/task_queues:82:21) 
    url - /api/v1/users/login 
    method - POST 
    IP - ::1
   {"timestamp":"2025-01-18T06:03:36.085Z"}
info: Server started at http://localhost:3000/api/v1/ {"timestamp":"2025-01-18T06:08:20.016Z"}
info: Connected to database. {"timestamp":"2025-01-18T06:08:20.328Z"}
info: Connected to database. {"timestamp":"2025-01-18T06:08:24.141Z"}
info: Server started at http://localhost:3000/api/v1/ {"timestamp":"2025-01-18T06:08:32.179Z"}
info: Connected to database. {"timestamp":"2025-01-18T06:08:32.410Z"}
info: Server started at http://localhost:3000/api/v1/ {"timestamp":"2025-01-18T06:08:39.157Z"}
info: Connected to database. {"timestamp":"2025-01-18T06:08:39.386Z"}
info: Server started at http://localhost:3000/api/v1/ {"timestamp":"2025-01-18T06:08:42.027Z"}
info: Connected to database. {"timestamp":"2025-01-18T06:08:42.243Z"}
info: Connected to database. {"timestamp":"2025-01-18T06:09:01.751Z"}
info: Server started at http://localhost:3000/api/v1/ {"timestamp":"2025-01-18T06:09:06.248Z"}
info: Connected to database. {"timestamp":"2025-01-18T06:09:06.535Z"}
info: Server started at http://localhost:3000/api/v1/ {"timestamp":"2025-01-18T06:11:02.307Z"}
info: Connected to database. {"timestamp":"2025-01-18T06:11:02.554Z"}
info: Connected to database. {"timestamp":"2025-01-18T06:13:36.006Z"}
info: Connected to database. {"timestamp":"2025-01-18T06:13:59.042Z"}
info: Connected to database. {"timestamp":"2025-01-18T06:14:04.671Z"}
info: Connected to database. {"timestamp":"2025-01-18T06:14:09.595Z"}
info: Connected to database. {"timestamp":"2025-01-18T06:14:14.831Z"}
info: Connected to database. {"timestamp":"2025-01-18T06:14:20.507Z"}
info: Connected to database. {"timestamp":"2025-01-18T06:14:25.096Z"}
info: Connected to database. {"timestamp":"2025-01-18T06:14:30.082Z"}
info: Server started at http://localhost:3000/api/v1/ {"timestamp":"2025-01-18T06:14:34.338Z"}
info: Connected to database. {"timestamp":"2025-01-18T06:14:34.530Z"}
info: Connected to database. {"timestamp":"2025-01-18T06:14:49.235Z"}
info: Connected to database. {"timestamp":"2025-01-18T06:14:54.787Z"}
info: Connected to database. {"timestamp":"2025-01-18T06:14:59.740Z"}
info: Connected to database. {"timestamp":"2025-01-18T06:15:05.234Z"}
info: Server started at http://localhost:3000/api/v1/ {"timestamp":"2025-01-18T06:15:09.306Z"}
info: Connected to database. {"timestamp":"2025-01-18T06:15:09.483Z"}
info: Server started at http://localhost:3000/api/v1/ {"timestamp":"2025-01-18T06:15:48.296Z"}
info: Connected to database. {"timestamp":"2025-01-18T06:15:48.487Z"}
info: Server started at http://localhost:3000/api/v1/ {"timestamp":"2025-01-18T06:15:58.510Z"}
info: Connected to database. {"timestamp":"2025-01-18T06:15:58.681Z"}
info: Server started at http://localhost:3000/api/v1/ {"timestamp":"2025-01-18T06:16:01.559Z"}
info: Connected to database. {"timestamp":"2025-01-18T06:16:01.811Z"}
info: Connected to database. {"timestamp":"2025-01-18T06:16:05.191Z"}
info: Server started at http://localhost:3000/api/v1/ {"timestamp":"2025-01-18T06:16:09.857Z"}
info: Connected to database. {"timestamp":"2025-01-18T06:16:10.094Z"}
info: Connected to database. {"timestamp":"2025-01-18T06:16:13.600Z"}
info: Server started at http://localhost:3000/api/v1/ {"timestamp":"2025-01-18T06:16:17.920Z"}
info: Connected to database. {"timestamp":"2025-01-18T06:16:18.097Z"}
info: Server started at http://localhost:3000/api/v1/ {"timestamp":"2025-01-18T06:16:22.195Z"}
info: Connected to database. {"timestamp":"2025-01-18T06:16:22.428Z"}
info: Server started at http://localhost:3000/api/v1/ {"timestamp":"2025-01-18T06:16:24.508Z"}
info: Server started at http://localhost:3000/api/v1/ {"timestamp":"2025-01-18T06:16:26.077Z"}
info: Connected to database. {"timestamp":"2025-01-18T06:16:26.275Z"}
info: Server started at http://localhost:3000/api/v1/ {"timestamp":"2025-01-18T06:16:29.909Z"}
info: Connected to database. {"timestamp":"2025-01-18T06:16:30.288Z"}
info: Server started at http://localhost:3000/api/v1/ {"timestamp":"2025-01-18T06:16:39.256Z"}
info: Connected to database. {"timestamp":"2025-01-18T06:16:39.467Z"}
info: Server started at http://localhost:3000/api/v1/ {"timestamp":"2025-01-18T06:16:42.032Z"}
info: Connected to database. {"timestamp":"2025-01-18T06:16:42.267Z"}
info: Server started at http://localhost:3000/api/v1/ {"timestamp":"2025-01-18T06:16:45.500Z"}
info: Connected to database. {"timestamp":"2025-01-18T06:16:45.681Z"}
info: Server started at http://localhost:3000/api/v1/ {"timestamp":"2025-01-18T06:16:47.248Z"}
info: Connected to database. {"timestamp":"2025-01-18T06:16:47.428Z"}
info: Server started at http://localhost:3000/api/v1/ {"timestamp":"2025-01-18T06:17:03.837Z"}
info: Connected to database. {"timestamp":"2025-01-18T06:17:04.044Z"}
info: Server started at http://localhost:3000/api/v1/ {"timestamp":"2025-01-18T06:17:12.198Z"}
info: Connected to database. {"timestamp":"2025-01-18T06:17:12.391Z"}
info: Connected to database. {"timestamp":"2025-01-18T06:17:18.479Z"}
info: Connected to database. {"timestamp":"2025-01-18T06:17:24.695Z"}
info: Connected to database. {"timestamp":"2025-01-18T06:17:35.727Z"}
info: Connected to database. {"timestamp":"2025-01-18T06:17:40.398Z"}
info: Connected to database. {"timestamp":"2025-01-18T06:17:45.073Z"}
info: Connected to database. {"timestamp":"2025-01-18T06:17:49.690Z"}
info: Connected to database. {"timestamp":"2025-01-18T06:17:55.214Z"}
info: Connected to database. {"timestamp":"2025-01-18T06:17:59.614Z"}
info: Connected to database. {"timestamp":"2025-01-18T06:18:04.143Z"}
info: Server started at http://localhost:3000/api/v1/ {"timestamp":"2025-01-18T06:18:09.976Z"}
info: Connected to database. {"timestamp":"2025-01-18T06:18:10.172Z"}
info: Server started at http://localhost:3000/api/v1/ {"timestamp":"2025-01-18T06:18:24.713Z"}
info: Connected to database. {"timestamp":"2025-01-18T06:18:24.936Z"}
info: Server started at http://localhost:3000/api/v1/ {"timestamp":"2025-01-18T06:18:26.804Z"}
info: Connected to database. {"timestamp":"2025-01-18T06:18:26.996Z"}
info: Server started at http://localhost:3000/api/v1/ {"timestamp":"2025-01-18T06:18:46.300Z"}
info: Connected to database. {"timestamp":"2025-01-18T06:18:46.532Z"}
info: Server started at http://localhost:3000/api/v1/ {"timestamp":"2025-01-18T06:18:48.797Z"}
info: Connected to database. {"timestamp":"2025-01-18T06:18:49.042Z"}
info: Server started at http://localhost:3000/api/v1/ {"timestamp":"2025-01-18T06:18:51.714Z"}
info: Connected to database. {"timestamp":"2025-01-18T06:18:51.905Z"}
info: Server started at http://localhost:3000/api/v1/ {"timestamp":"2025-01-18T06:19:23.420Z"}
info: Connected to database. {"timestamp":"2025-01-18T06:19:23.618Z"}
info: Connected to database. {"timestamp":"2025-01-18T06:19:28.654Z"}
info: Connected to database. {"timestamp":"2025-01-18T06:19:33.380Z"}
info: Server started at http://localhost:3000/api/v1/ {"timestamp":"2025-01-18T06:19:37.676Z"}
info: Connected to database. {"timestamp":"2025-01-18T06:19:37.872Z"}
info: Connected to database. {"timestamp":"2025-01-18T06:19:46.667Z"}
info: Connected to database. {"timestamp":"2025-01-18T06:19:51.280Z"}
info: Connected to database. {"timestamp":"2025-01-18T06:19:56.014Z"}
info: Connected to database. {"timestamp":"2025-01-18T06:20:00.597Z"}
info: Connected to database. {"timestamp":"2025-01-18T06:20:05.406Z"}
info: Server started at http://localhost:3000/api/v1/ {"timestamp":"2025-01-18T06:20:09.505Z"}
info: Connected to database. {"timestamp":"2025-01-18T06:20:09.691Z"}
info: Server started at http://localhost:3000/api/v1/ {"timestamp":"2025-01-18T06:20:15.129Z"}
info: Connected to database. {"timestamp":"2025-01-18T06:20:15.402Z"}
info: Server started at http://localhost:3000/api/v1/ {"timestamp":"2025-01-18T06:20:19.476Z"}
info: Connected to database. {"timestamp":"2025-01-18T06:20:19.741Z"}
info: Server started at http://localhost:3000/api/v1/ {"timestamp":"2025-01-18T06:20:28.316Z"}
info: Connected to database. {"timestamp":"2025-01-18T06:20:28.631Z"}
info: Server started at http://localhost:3000/api/v1/ {"timestamp":"2025-01-18T06:20:31.316Z"}
info: Connected to database. {"timestamp":"2025-01-18T06:20:31.559Z"}
info: Connected to database. {"timestamp":"2025-01-18T06:20:39.797Z"}
info: Connected to database. {"timestamp":"2025-01-18T06:20:45.105Z"}
info: Connected to database. {"timestamp":"2025-01-18T06:20:50.001Z"}
info: Server started at http://localhost:3000/api/v1/ {"timestamp":"2025-01-18T06:20:54.170Z"}
info: Connected to database. {"timestamp":"2025-01-18T06:20:54.345Z"}
info: Server started at http://localhost:3000/api/v1/ {"timestamp":"2025-01-18T06:21:05.849Z"}
info: Connected to database. {"timestamp":"2025-01-18T06:21:06.088Z"}
info: Server started at http://localhost:3000/api/v1/ {"timestamp":"2025-01-18T06:21:13.343Z"}
info: Connected to database. {"timestamp":"2025-01-18T06:21:13.532Z"}
info: Server started at http://localhost:3000/api/v1/ {"timestamp":"2025-01-18T06:21:17.257Z"}
info: Connected to database. {"timestamp":"2025-01-18T06:21:17.468Z"}
info: Server started at http://localhost:3000/api/v1/ {"timestamp":"2025-01-18T06:21:30.342Z"}
info: Connected to database. {"timestamp":"2025-01-18T06:21:30.553Z"}
info: Server started at http://localhost:3000/api/v1/ {"timestamp":"2025-01-18T06:21:34.800Z"}
info: Connected to database. {"timestamp":"2025-01-18T06:21:35.016Z"}
info: Server started at http://localhost:3000/api/v1/ {"timestamp":"2025-01-18T06:21:54.343Z"}
info: Connected to database. {"timestamp":"2025-01-18T06:21:54.523Z"}
info: Server started at http://localhost:3000/api/v1/ {"timestamp":"2025-01-18T06:22:00.515Z"}
info: Connected to database. {"timestamp":"2025-01-18T06:22:00.695Z"}
info: Connected to database. {"timestamp":"2025-01-18T06:22:18.321Z"}
info: Connected to database. {"timestamp":"2025-01-18T06:22:22.647Z"}
info: Server started at http://localhost:3000/api/v1/ {"timestamp":"2025-01-18T06:22:35.850Z"}
info: Connected to database. {"timestamp":"2025-01-18T06:22:36.104Z"}
info: Connected to database. {"timestamp":"2025-01-18T06:22:41.999Z"}
info: Connected to database. {"timestamp":"2025-01-18T06:22:47.230Z"}
info: Server started at http://localhost:3000/api/v1/ {"timestamp":"2025-01-18T06:22:51.529Z"}
info: Connected to database. {"timestamp":"2025-01-18T06:22:51.717Z"}
info: Connected to database. {"timestamp":"2025-01-18T06:22:57.505Z"}
info: Connected to database. {"timestamp":"2025-01-18T06:23:02.400Z"}
info: Connected to database. {"timestamp":"2025-01-18T06:23:06.926Z"}
info: Connected to database. {"timestamp":"2025-01-18T06:23:11.296Z"}
info: Connected to database. {"timestamp":"2025-01-18T06:23:30.697Z"}
info: Server started at http://localhost:3000/api/v1/ {"timestamp":"2025-01-18T06:28:51.726Z"}
info: Connected to database. {"timestamp":"2025-01-18T06:28:52.191Z"}
info: Server started at http://localhost:3000/api/v1/ {"timestamp":"2025-01-18T06:29:01.165Z"}
info: Connected to database. {"timestamp":"2025-01-18T06:29:01.342Z"}
info: Server started at http://localhost:3000/api/v1/ {"timestamp":"2025-01-18T06:29:08.824Z"}
info: Connected to database. {"timestamp":"2025-01-18T06:29:09.008Z"}
info: Server started at http://localhost:3000/api/v1/ {"timestamp":"2025-01-18T06:29:37.670Z"}
info: Connected to database. {"timestamp":"2025-01-18T06:29:37.878Z"}
info: Server started at http://localhost:3000/api/v1/ {"timestamp":"2025-01-18T06:29:42.823Z"}
info: Connected to database. {"timestamp":"2025-01-18T06:29:43.046Z"}
info: Server started at http://localhost:3000/api/v1/ {"timestamp":"2025-01-18T06:29:45.660Z"}
info: Connected to database. {"timestamp":"2025-01-18T06:29:45.849Z"}
info: Server started at http://localhost:3000/api/v1/ {"timestamp":"2025-01-18T06:29:55.673Z"}
info: Connected to database. {"timestamp":"2025-01-18T06:29:55.893Z"}
info: Server started at http://localhost:3000/api/v1/ {"timestamp":"2025-01-18T06:29:57.823Z"}
info: Connected to database. {"timestamp":"2025-01-18T06:29:58.019Z"}
info: Server started at http://localhost:3000/api/v1/ {"timestamp":"2025-01-18T06:30:18.811Z"}
info: Connected to database. {"timestamp":"2025-01-18T06:30:19.024Z"}
info: Server started at http://localhost:3000/api/v1/ {"timestamp":"2025-01-18T06:30:22.159Z"}
info: Connected to database. {"timestamp":"2025-01-18T06:30:22.378Z"}
info: Server started at http://localhost:3000/api/v1/ {"timestamp":"2025-01-18T06:30:34.705Z"}
info: Connected to database. {"timestamp":"2025-01-18T06:30:34.883Z"}
info: Connected to database. {"timestamp":"2025-01-18T06:30:42.911Z"}
info: Connected to database. {"timestamp":"2025-01-18T06:30:47.954Z"}
info: Server started at http://localhost:3000/api/v1/ {"timestamp":"2025-01-18T06:30:54.190Z"}
info: Connected to database. {"timestamp":"2025-01-18T06:30:54.397Z"}
info: Server started at http://localhost:3000/api/v1/ {"timestamp":"2025-01-18T06:31:02.568Z"}
info: Connected to database. {"timestamp":"2025-01-18T06:31:02.778Z"}
info: Server started at http://localhost:3000/api/v1/ {"timestamp":"2025-01-18T06:31:07.275Z"}
info: Connected to database. {"timestamp":"2025-01-18T06:31:07.494Z"}
error: 
    status - 500 
    message - Error: 
    at Query.run (D:\backendWorkSpace\ebookstore\node_modules\sequelize\src\dialects\postgres\query.js:76:25)
    at D:\backendWorkSpace\ebookstore\node_modules\sequelize\src\sequelize.js:650:28
    at processTicksAndRejections (node:internal/process/task_queues:95:5)
    at PostgresQueryInterface.select (D:\backendWorkSpace\ebookstore\node_modules\sequelize\src\dialects\abstract\query-interface.js:1001:12)
    at Function.findAll (D:\backendWorkSpace\ebookstore\node_modules\sequelize\src\model.js:1824:21)
    at Function.findOne (D:\backendWorkSpace\ebookstore\node_modules\sequelize\src\model.js:1998:12) 
    url - /api/v1/cart/1/cart_item_quantity 
    method - PUT 
    IP - ::1
   {"timestamp":"2025-01-18T06:34:33.393Z"}
info: Server started at http://localhost:3000/api/v1/ {"timestamp":"2025-01-18T06:35:16.780Z"}
info: Connected to database. {"timestamp":"2025-01-18T06:35:16.963Z"}
info: Server started at http://localhost:3000/api/v1/ {"timestamp":"2025-01-18T06:35:22.294Z"}
info: Connected to database. {"timestamp":"2025-01-18T06:35:22.748Z"}
info: Server started at http://localhost:3000/api/v1/ {"timestamp":"2025-01-18T06:35:49.260Z"}
info: Connected to database. {"timestamp":"2025-01-18T06:35:49.488Z"}
info: Server started at http://localhost:3000/api/v1/ {"timestamp":"2025-01-18T06:35:57.221Z"}
info: Connected to database. {"timestamp":"2025-01-18T06:35:57.402Z"}
info: Server started at http://localhost:3000/api/v1/ {"timestamp":"2025-01-18T06:38:19.487Z"}
info: Connected to database. {"timestamp":"2025-01-18T06:38:19.668Z"}
error: 
    status - 500 
    message - Error: 
    at Query.run (D:\backendWorkSpace\ebookstore\node_modules\sequelize\src\dialects\postgres\query.js:76:25)
    at D:\backendWorkSpace\ebookstore\node_modules\sequelize\src\sequelize.js:650:28
    at processTicksAndRejections (node:internal/process/task_queues:95:5)
    at PostgresQueryInterface.select (D:\backendWorkSpace\ebookstore\node_modules\sequelize\src\dialects\abstract\query-interface.js:1001:12)
    at Function.findAll (D:\backendWorkSpace\ebookstore\node_modules\sequelize\src\model.js:1824:21)
    at Function.findOne (D:\backendWorkSpace\ebookstore\node_modules\sequelize\src\model.js:1998:12) 
    url - /api/v1/cart/1/cart_item_quantity 
    method - PUT 
    IP - ::1
   {"timestamp":"2025-01-18T06:38:24.366Z"}
info: Server started at http://localhost:3000/api/v1/ {"timestamp":"2025-01-18T06:38:52.251Z"}
info: Connected to database. {"timestamp":"2025-01-18T06:38:52.436Z"}
info: Server started at http://localhost:3000/api/v1/ {"timestamp":"2025-01-18T06:38:56.608Z"}
info: Connected to database. {"timestamp":"2025-01-18T06:38:57.069Z"}
error: 
    status - 500 
    message - Error: 
    at Query.run (D:\backendWorkSpace\ebookstore\node_modules\sequelize\src\dialects\postgres\query.js:76:25)
    at D:\backendWorkSpace\ebookstore\node_modules\sequelize\src\sequelize.js:650:28
    at processTicksAndRejections (node:internal/process/task_queues:95:5)
    at PostgresQueryInterface.update (D:\backendWorkSpace\ebookstore\node_modules\sequelize\src\dialects\abstract\query-interface.js:898:12)
    at Cart.save (D:\backendWorkSpace\ebookstore\node_modules\sequelize\src\model.js:4154:35) 
    url - /api/v1/cart/1/cart_item_quantity 
    method - PUT 
    IP - ::1
   {"timestamp":"2025-01-18T06:38:59.001Z"}
info: Server started at http://localhost:3000/api/v1/ {"timestamp":"2025-01-18T06:40:05.672Z"}
info: Connected to database. {"timestamp":"2025-01-18T06:40:05.925Z"}
info: Server started at http://localhost:3000/api/v1/ {"timestamp":"2025-01-18T06:40:10.700Z"}
info: Connected to database. {"timestamp":"2025-01-18T06:40:10.916Z"}
info: Server started at http://localhost:3000/api/v1/ {"timestamp":"2025-01-18T06:40:13.913Z"}
info: Connected to database. {"timestamp":"2025-01-18T06:40:14.122Z"}
error: 
    status - 500 
    message - Error: Quantity must be greater than zero
    at cartServices.<anonymous> (D:\backendWorkSpace\ebookstore\src\services\cart.service.ts:73:17)
    at Generator.next (<anonymous>)
    at fulfilled (D:\backendWorkSpace\ebookstore\src\services\cart.service.ts:28:58)
    at processTicksAndRejections (node:internal/process/task_queues:95:5) 
    url - /api/v1/cart/1/cart_item_quantity 
    method - PUT 
    IP - ::1
   {"timestamp":"2025-01-18T06:40:25.186Z"}
info: Server started at http://localhost:3000/api/v1/ {"timestamp":"2025-01-18T06:46:25.301Z"}
info: Connected to database. {"timestamp":"2025-01-18T06:46:25.534Z"}
info: Server started at http://localhost:3000/api/v1/ {"timestamp":"2025-01-18T06:46:31.551Z"}
info: Connected to database. {"timestamp":"2025-01-18T06:46:31.746Z"}
info: Connected to database. {"timestamp":"2025-01-18T06:46:37.952Z"}
info: Server started at http://localhost:3000/api/v1/ {"timestamp":"2025-01-18T06:46:42.513Z"}
error: 
    status - 500 
    message - ReferenceError: cartId is not defined
    at cartControllers.<anonymous> (D:\backendWorkSpace\ebookstore\src\controllers\cart.controller.ts:63:13)
    at Generator.next (<anonymous>)
    at D:\backendWorkSpace\ebookstore\src\controllers\cart.controller.ts:8:71
    at new Promise (<anonymous>)
    at __awaiter (D:\backendWorkSpace\ebookstore\src\controllers\cart.controller.ts:4:12)
    at removeFromCart (D:\backendWorkSpace\ebookstore\src\controllers\cart.controller.ts:59:86)
    at Layer.handle [as handle_request] (D:\backendWorkSpace\ebookstore\node_modules\express\lib\router\layer.js:95:5)
    at next (D:\backendWorkSpace\ebookstore\node_modules\express\lib\router\route.js:149:13)
    at D:\backendWorkSpace\ebookstore\src\middlewares\auth.middleware.ts:20:5
    at Generator.next (<anonymous>) 
    url - /api/v1/cart/2/remove_cart_item 
    method - DELETE 
    IP - ::1
   {"timestamp":"2025-01-18T06:46:42.800Z"}
info: Connected to database. {"timestamp":"2025-01-18T06:46:42.847Z"}
error: 
    status - 500 
    message - ReferenceError: cartId is not defined
    at cartControllers.<anonymous> (D:\backendWorkSpace\ebookstore\src\controllers\cart.controller.ts:63:13)
    at Generator.next (<anonymous>)
    at D:\backendWorkSpace\ebookstore\src\controllers\cart.controller.ts:8:71
    at new Promise (<anonymous>)
    at __awaiter (D:\backendWorkSpace\ebookstore\src\controllers\cart.controller.ts:4:12)
    at removeFromCart (D:\backendWorkSpace\ebookstore\src\controllers\cart.controller.ts:59:86)
    at Layer.handle [as handle_request] (D:\backendWorkSpace\ebookstore\node_modules\express\lib\router\layer.js:95:5)
    at next (D:\backendWorkSpace\ebookstore\node_modules\express\lib\router\route.js:149:13)
    at D:\backendWorkSpace\ebookstore\src\middlewares\auth.middleware.ts:20:5
    at Generator.next (<anonymous>) 
    url - /api/v1/cart/2/remove_cart_item 
    method - DELETE 
    IP - ::1
   {"timestamp":"2025-01-18T06:46:55.257Z"}
info: Server started at http://localhost:3000/api/v1/ {"timestamp":"2025-01-18T06:47:05.017Z"}
info: Connected to database. {"timestamp":"2025-01-18T06:47:05.200Z"}
error: 
    status - 500 
    message - Error: 
    at Query.run (D:\backendWorkSpace\ebookstore\node_modules\sequelize\src\dialects\postgres\query.js:76:25)
    at D:\backendWorkSpace\ebookstore\node_modules\sequelize\src\sequelize.js:650:28
    at processTicksAndRejections (node:internal/process/task_queues:95:5)
    at PostgresQueryInterface.select (D:\backendWorkSpace\ebookstore\node_modules\sequelize\src\dialects\abstract\query-interface.js:1001:12)
    at Function.findAll (D:\backendWorkSpace\ebookstore\node_modules\sequelize\src\model.js:1824:21)
    at Function.findOne (D:\backendWorkSpace\ebookstore\node_modules\sequelize\src\model.js:1998:12) 
    url - /api/v1/cart/2/remove_cart_item 
    method - DELETE 
    IP - ::1
   {"timestamp":"2025-01-18T06:47:08.821Z"}
info: Server started at http://localhost:3000/api/v1/ {"timestamp":"2025-01-18T06:47:21.629Z"}
info: Connected to database. {"timestamp":"2025-01-18T06:47:21.797Z"}
error: 
    status - 500 
    message - Error: 
    at Query.run (D:\backendWorkSpace\ebookstore\node_modules\sequelize\src\dialects\postgres\query.js:76:25)
    at D:\backendWorkSpace\ebookstore\node_modules\sequelize\src\sequelize.js:650:28
    at processTicksAndRejections (node:internal/process/task_queues:95:5)
    at PostgresQueryInterface.select (D:\backendWorkSpace\ebookstore\node_modules\sequelize\src\dialects\abstract\query-interface.js:1001:12)
    at Function.findAll (D:\backendWorkSpace\ebookstore\node_modules\sequelize\src\model.js:1824:21)
    at Function.findOne (D:\backendWorkSpace\ebookstore\node_modules\sequelize\src\model.js:1998:12) 
    url - /api/v1/cart/2/remove_cart_item 
    method - DELETE 
    IP - ::1
   {"timestamp":"2025-01-18T06:47:46.646Z"}
error: 
    status - 500 
    message - Error: 
    at Query.run (D:\backendWorkSpace\ebookstore\node_modules\sequelize\src\dialects\postgres\query.js:76:25)
    at D:\backendWorkSpace\ebookstore\node_modules\sequelize\src\sequelize.js:650:28
    at processTicksAndRejections (node:internal/process/task_queues:95:5)
    at PostgresQueryInterface.select (D:\backendWorkSpace\ebookstore\node_modules\sequelize\src\dialects\abstract\query-interface.js:1001:12)
    at Function.findAll (D:\backendWorkSpace\ebookstore\node_modules\sequelize\src\model.js:1824:21)
    at Function.findOne (D:\backendWorkSpace\ebookstore\node_modules\sequelize\src\model.js:1998:12) 
    url - /api/v1/cart/1/remove_cart_item 
    method - DELETE 
    IP - ::1
   {"timestamp":"2025-01-18T06:48:49.665Z"}
info: Connected to database. {"timestamp":"2025-01-18T06:49:17.673Z"}
info: Connected to database. {"timestamp":"2025-01-18T06:49:22.673Z"}
info: Connected to database. {"timestamp":"2025-01-18T06:49:28.180Z"}
info: Server started at http://localhost:3000/api/v1/ {"timestamp":"2025-01-18T06:49:32.274Z"}
info: Connected to database. {"timestamp":"2025-01-18T06:49:32.526Z"}
info: Server started at http://localhost:3000/api/v1/ {"timestamp":"2025-01-18T06:49:36.669Z"}
info: Connected to database. {"timestamp":"2025-01-18T06:49:36.842Z"}
info: Server started at http://localhost:3000/api/v1/ {"timestamp":"2025-01-18T06:49:50.569Z"}
info: Connected to database. {"timestamp":"2025-01-18T06:49:50.782Z"}
info: Server started at http://localhost:3000/api/v1/ {"timestamp":"2025-01-18T06:51:27.636Z"}
info: Connected to database. {"timestamp":"2025-01-18T06:51:27.835Z"}
info: Server started at http://localhost:3000/api/v1/ {"timestamp":"2025-01-18T06:51:31.009Z"}
info: Connected to database. {"timestamp":"2025-01-18T06:51:31.195Z"}
info: Server started at http://localhost:3000/api/v1/ {"timestamp":"2025-01-18T06:52:01.886Z"}
info: Connected to database. {"timestamp":"2025-01-18T06:52:02.138Z"}
info: Server started at http://localhost:3000/api/v1/ {"timestamp":"2025-01-18T06:52:07.296Z"}
info: Connected to database. {"timestamp":"2025-01-18T06:52:07.606Z"}
info: Server started at http://localhost:3000/api/v1/ {"timestamp":"2025-01-18T06:52:09.974Z"}
info: Server started at http://localhost:3000/api/v1/ {"timestamp":"2025-01-18T06:52:11.756Z"}
info: Connected to database. {"timestamp":"2025-01-18T06:52:11.943Z"}
info: Server started at http://localhost:3000/api/v1/ {"timestamp":"2025-01-18T06:52:14.204Z"}
info: Connected to database. {"timestamp":"2025-01-18T06:52:14.443Z"}
info: Connected to database. {"timestamp":"2025-01-18T06:52:58.228Z"}
info: Connected to database. {"timestamp":"2025-01-18T06:53:02.632Z"}
info: Server started at http://localhost:3000/api/v1/ {"timestamp":"2025-01-18T06:53:06.801Z"}
info: Connected to database. {"timestamp":"2025-01-18T06:53:06.984Z"}
info: Server started at http://localhost:3000/api/v1/ {"timestamp":"2025-01-18T06:53:17.979Z"}
info: Connected to database. {"timestamp":"2025-01-18T06:53:18.200Z"}
info: Server started at http://localhost:3000/api/v1/ {"timestamp":"2025-01-18T06:53:23.051Z"}
info: Connected to database. {"timestamp":"2025-01-18T06:53:23.221Z"}
info: Connected to database. {"timestamp":"2025-01-18T06:53:34.949Z"}
info: Server started at http://localhost:3000/api/v1/ {"timestamp":"2025-01-18T06:53:39.410Z"}
info: Connected to database. {"timestamp":"2025-01-18T06:53:39.656Z"}
info: Connected to database. {"timestamp":"2025-01-18T06:53:41.835Z"}
info: Server started at http://localhost:3000/api/v1/ {"timestamp":"2025-01-18T06:53:45.980Z"}
info: Connected to database. {"timestamp":"2025-01-18T06:53:46.172Z"}
info: Server started at http://localhost:3000/api/v1/ {"timestamp":"2025-01-18T06:53:57.827Z"}
info: Connected to database. {"timestamp":"2025-01-18T06:53:57.986Z"}
info: Server started at http://localhost:3000/api/v1/ {"timestamp":"2025-01-18T06:54:03.459Z"}
info: Connected to database. {"timestamp":"2025-01-18T06:54:03.692Z"}
info: Server started at http://localhost:3000/api/v1/ {"timestamp":"2025-01-18T06:54:07.436Z"}
info: Connected to database. {"timestamp":"2025-01-18T06:54:07.625Z"}
info: Server started at http://localhost:3000/api/v1/ {"timestamp":"2025-01-18T06:54:13.471Z"}
info: Connected to database. {"timestamp":"2025-01-18T06:54:13.716Z"}
info: Server started at http://localhost:3000/api/v1/ {"timestamp":"2025-01-18T06:54:22.463Z"}
info: Connected to database. {"timestamp":"2025-01-18T06:54:22.640Z"}
info: Server started at http://localhost:3000/api/v1/ {"timestamp":"2025-01-18T06:54:26.562Z"}
info: Connected to database. {"timestamp":"2025-01-18T06:54:26.732Z"}
info: Server started at http://localhost:3000/api/v1/ {"timestamp":"2025-01-18T06:54:30.148Z"}
info: Connected to database. {"timestamp":"2025-01-18T06:54:30.349Z"}
info: Connected to database. {"timestamp":"2025-01-18T06:54:33.062Z"}
info: Connected to database. {"timestamp":"2025-01-18T06:54:49.062Z"}
info: Server started at http://localhost:3000/api/v1/ {"timestamp":"2025-01-18T06:54:53.210Z"}
info: Connected to database. {"timestamp":"2025-01-18T06:54:53.389Z"}
info: Server started at http://localhost:3000/api/v1/ {"timestamp":"2025-01-18T06:54:56.172Z"}
info: Connected to database. {"timestamp":"2025-01-18T06:54:56.340Z"}
info: Server started at http://localhost:3000/api/v1/ {"timestamp":"2025-01-18T06:55:01.309Z"}
info: Connected to database. {"timestamp":"2025-01-18T06:55:01.496Z"}
error: 
    status - 500 
    message - Error: Cart item not found or unauthorized access
    at cartServices.<anonymous> (D:\backendWorkSpace\ebookstore\src\services\cart.service.ts:92:19)
    at Generator.next (<anonymous>)
    at fulfilled (D:\backendWorkSpace\ebookstore\src\services\cart.service.ts:28:58)
    at processTicksAndRejections (node:internal/process/task_queues:95:5) 
    url - /api/v1/cart/2/remove_cart_item 
    method - DELETE 
    IP - ::1
   {"timestamp":"2025-01-18T06:55:02.947Z"}
